{
  "RSpec": {
    "coverage": {
      "/Users/mei/Documents/PMasterProject/app/models/user.rb": [
        1,
        null,
        null,
        1,
        null,
        null,
        1,
        1,
        1,
        null,
        1,
        1,
        null,
        1,
        1,
        1,
        null,
        1,
        1,
        null,
        7,
        1,
        null,
        1,
        null,
        null,
        null,
        0,
        0,
        null,
        0,
        null,
        null,
        null,
        1,
        null,
        160,
        null,
        null,
        1,
        0,
        0,
        0,
        null,
        0,
        0,
        0,
        0,
        null,
        0,
        null,
        null
      ],
      "/Users/mei/Documents/PMasterProject/app/models/application_record.rb": [
        1,
        1,
        null
      ],
      "/Users/mei/Documents/PMasterProject/app/controllers/application_controller.rb": [
        1,
        null,
        1,
        169,
        null,
        null,
        null,
        null,
        1,
        1,
        null,
        null,
        null,
        1,
        0,
        0,
        0,
        null,
        null,
        1,
        6,
        6,
        null,
        null,
        null,
        null
      ],
      "/Users/mei/Documents/PMasterProject/app/helpers/application_helper.rb": [
        1,
        1,
        null,
        0,
        null,
        null
      ],
      "/Users/mei/Documents/PMasterProject/app/helpers/messages_helper.rb": [
        1,
        null
      ],
      "/Users/mei/Documents/PMasterProject/app/helpers/rooms_helper.rb": [
        1,
        null
      ],
      "/Users/mei/Documents/PMasterProject/app/helpers/webrtc_helper.rb": [
        1,
        null
      ],
      "/Users/mei/Documents/PMasterProject/app/controllers/webrtc_controller.rb": [
        1,
        1,
        4,
        null,
        null,
        1,
        122,
        122,
        null,
        null,
        1,
        1,
        122,
        null,
        null
      ],
      "/Users/mei/Documents/PMasterProject/app/channels/application_cable/connection.rb": [
        1,
        1,
        1,
        null,
        1,
        56,
        55,
        null,
        null,
        1,
        1,
        56,
        55,
        null,
        0,
        null,
        null,
        null,
        null
      ],
      "/Users/mei/Documents/PMasterProject/app/controllers/workspaces_controller.rb": [
        1,
        null,
        1,
        1,
        1,
        1,
        1,
        16,
        16,
        16,
        null,
        null,
        null,
        null,
        null,
        1,
        0,
        0,
        0,
        0,
        null,
        null,
        null,
        null,
        null,
        null,
        1,
        0,
        0,
        0,
        null,
        null,
        null,
        null,
        1,
        0,
        0,
        null,
        null,
        null,
        null,
        1,
        0,
        null,
        0,
        null,
        0,
        null,
        null,
        1,
        0,
        null,
        null,
        null,
        1,
        0,
        0,
        0,
        null,
        0,
        0,
        0,
        0,
        0,
        0,
        null,
        0,
        0,
        null,
        null,
        0,
        null,
        null,
        0,
        null,
        null,
        0,
        0,
        null,
        0,
        null,
        0,
        null,
        null,
        null,
        null,
        null,
        null,
        null,
        1,
        null,
        null,
        null,
        null,
        null,
        1,
        0,
        null,
        null,
        1,
        0,
        null,
        null,
        null,
        null,
        null
      ],
      "/Users/mei/Documents/PMasterProject/app/models/workspace.rb": [
        1,
        1,
        1,
        1,
        null,
        null,
        1,
        3,
        null,
        1,
        76,
        null,
        1,
        1,
        null,
        1,
        6,
        null,
        null
      ],
      "/Users/mei/Documents/PMasterProject/app/models/workspace_user.rb": [
        1,
        null,
        1,
        1,
        1,
        null
      ],
      "/Users/mei/Documents/PMasterProject/app/channels/chart_channel.rb": [
        1,
        1,
        33,
        null,
        null,
        1,
        null,
        null
      ],
      "/Users/mei/Documents/PMasterProject/app/channels/like_channel.rb": [
        1,
        1,
        33,
        null,
        null,
        1,
        null,
        null,
        null
      ],
      "/Users/mei/Documents/PMasterProject/app/channels/post_channel.rb": [
        1,
        1,
        33,
        null,
        null,
        1,
        null,
        null,
        null
      ],
      "/Users/mei/Documents/PMasterProject/app/channels/application_cable/channel.rb": [
        1,
        1,
        null,
        null
      ],
      "/Users/mei/Documents/PMasterProject/app/channels/reply_channel.rb": [
        1,
        1,
        33,
        null,
        null,
        1,
        null,
        null,
        null
      ],
      "/Users/mei/Documents/PMasterProject/app/channels/item_channel.rb": [
        1,
        1,
        33,
        null,
        null,
        1,
        null,
        null,
        null
      ],
      "/Users/mei/Documents/PMasterProject/app/channels/user_channel.rb": [
        1,
        1,
        null,
        null,
        33,
        null,
        null,
        1,
        null,
        null,
        null
      ],
      "/Users/mei/Documents/PMasterProject/app/channels/board_channel.rb": [
        1,
        1,
        22,
        null,
        null,
        1,
        null,
        null,
        null
      ],
      "/Users/mei/Documents/PMasterProject/app/channels/room_channel.rb": [
        1,
        1,
        null,
        null,
        22,
        22,
        null,
        null,
        null,
        null,
        null,
        1,
        null,
        null,
        null,
        22,
        null,
        null,
        null
      ],
      "/Users/mei/Documents/PMasterProject/app/channels/online_channel.rb": [
        1,
        1,
        null,
        22,
        null,
        null,
        null,
        1,
        null,
        null,
        null
      ],
      "/Users/mei/Documents/PMasterProject/app/channels/webcam_channel.rb": [
        1,
        1,
        null,
        3,
        null,
        null,
        1,
        null,
        null,
        null,
        null,
        null,
        null
      ],
      "/Users/mei/Documents/PMasterProject/app/controllers/home_controller.rb": [
        1,
        1,
        null,
        1,
        1,
        1,
        null,
        null,
        null,
        null,
        1,
        null,
        3,
        null,
        null,
        null,
        1,
        0,
        0,
        0,
        0,
        0,
        null,
        null,
        1,
        1,
        0,
        0,
        null,
        0,
        0,
        0,
        0,
        null,
        null,
        null,
        null,
        null
      ],
      "/Users/mei/Documents/PMasterProject/app/controllers/boards_controller.rb": [
        1,
        null,
        1,
        1,
        1,
        1,
        1,
        1,
        1,
        null,
        null,
        null,
        null,
        null,
        null,
        1,
        0,
        null,
        null,
        null,
        null,
        null,
        0,
        null,
        null,
        null,
        null,
        null,
        null,
        null,
        1,
        0,
        null,
        null,
        1,
        0,
        0,
        null,
        null,
        null,
        null,
        1,
        0,
        0,
        null,
        null,
        null,
        null,
        1,
        1,
        1,
        null,
        null,
        1,
        0,
        null,
        null,
        1,
        0,
        null,
        null
      ],
      "/Users/mei/Documents/PMasterProject/app/models/board.rb": [
        1,
        null,
        1,
        1,
        1,
        1,
        null,
        null,
        1,
        null,
        1,
        13,
        null
      ],
      "/Users/mei/Documents/PMasterProject/app/controllers/groups_controller.rb": [
        1,
        null,
        1,
        1,
        1,
        1,
        null,
        1,
        4,
        4,
        4,
        4,
        4,
        4,
        4,
        4,
        4,
        4,
        4,
        null,
        1,
        0,
        null,
        1,
        0,
        0,
        0,
        null,
        0,
        null,
        null,
        null,
        1,
        null,
        null,
        1,
        null,
        0,
        0,
        null,
        0,
        null,
        null,
        null,
        1,
        null,
        0,
        null,
        0,
        0,
        null,
        null,
        0,
        0,
        null,
        null,
        0,
        0,
        0,
        null,
        null,
        1,
        0,
        0,
        null,
        null,
        1,
        null,
        1,
        4,
        null,
        1,
        0,
        null,
        1,
        0,
        null,
        null
      ],
      "/Users/mei/Documents/PMasterProject/app/models/group.rb": [
        1,
        1,
        1,
        null,
        1,
        null,
        1,
        1,
        null,
        null,
        1,
        null,
        1,
        null,
        1,
        null,
        16,
        null,
        76,
        null,
        null,
        null
      ],
      "/Users/mei/Documents/PMasterProject/app/models/chart.rb": [
        1,
        null,
        1,
        null,
        0,
        null,
        null,
        null,
        1,
        0,
        null,
        null,
        null,
        1,
        null,
        0,
        0,
        0,
        null,
        0,
        null,
        null,
        null,
        1,
        0,
        0,
        null,
        0,
        null,
        null,
        1,
        0,
        null,
        null,
        null,
        null,
        1,
        0,
        null,
        null,
        1,
        0,
        null,
        null,
        1,
        null,
        0,
        null,
        null,
        null,
        1,
        0,
        null,
        null,
        1,
        0,
        null,
        null,
        1,
        0,
        null,
        null
      ],
      "/Users/mei/Documents/PMasterProject/app/models/room.rb": [
        1,
        1,
        1,
        1,
        null,
        null
      ],
      "/Users/mei/Documents/PMasterProject/app/models/item.rb": [
        1,
        1,
        1,
        null,
        1,
        null,
        1,
        null,
        1,
        1,
        null,
        1,
        null,
        1,
        null,
        null,
        null,
        null,
        1,
        10,
        null,
        null,
        null,
        null,
        1,
        0,
        null,
        null,
        null,
        1,
        0,
        null,
        null,
        1,
        0,
        null,
        null,
        1,
        0,
        0,
        null,
        0,
        null,
        null,
        null
      ],
      "/Users/mei/Documents/PMasterProject/app/models/post.rb": [
        1,
        1,
        1,
        1,
        1,
        1,
        1,
        null,
        1,
        null,
        1,
        0,
        null,
        null,
        null
      ],
      "/Users/mei/Documents/PMasterProject/app/models/assignment.rb": [
        1,
        1,
        1,
        1,
        null
      ],
      "/Users/mei/Documents/PMasterProject/app/models/message.rb": [
        1,
        1,
        1,
        null
      ],
      "/Users/mei/Documents/PMasterProject/app/controllers/items_controller.rb": [
        1,
        1,
        1,
        1,
        1,
        1,
        null,
        1,
        0,
        null,
        null,
        1,
        4,
        4,
        4,
        4,
        null,
        null,
        null,
        null,
        1,
        0,
        0,
        0,
        null,
        null,
        0,
        0,
        0,
        0,
        0,
        0,
        null,
        null,
        0,
        0,
        0,
        null,
        0,
        null,
        null,
        0,
        0,
        0,
        null,
        0,
        null,
        0,
        null,
        0,
        null,
        null,
        null,
        1,
        2,
        2,
        2,
        null,
        null,
        null,
        1,
        null,
        0,
        0,
        0,
        0,
        0,
        0,
        null,
        null,
        null,
        0,
        null,
        0,
        null,
        0,
        null,
        null,
        null,
        1,
        10,
        10,
        null,
        10,
        10,
        null,
        0,
        null,
        10,
        null,
        null,
        1,
        0,
        0,
        null,
        0,
        0,
        null,
        0,
        null,
        0,
        null,
        null,
        1,
        0,
        0,
        0,
        0,
        null,
        0,
        0,
        null,
        null,
        0,
        0,
        null,
        0,
        null,
        null,
        1,
        1,
        1,
        null,
        null,
        1,
        null,
        null,
        null,
        1,
        0,
        0,
        null,
        null,
        0,
        0,
        null,
        null,
        1,
        1,
        3,
        null,
        null,
        1,
        3,
        null,
        null,
        1,
        0,
        0,
        null,
        null,
        1,
        0,
        0,
        null,
        null,
        null,
        null
      ],
      "/Users/mei/Documents/PMasterProject/lib/github.rb": [
        1,
        1,
        1,
        null,
        1,
        null,
        null,
        null,
        null,
        null,
        1,
        null,
        null,
        0,
        0,
        0,
        0,
        null,
        null,
        0,
        null,
        null,
        0,
        0,
        null,
        0,
        0,
        0,
        null,
        null,
        0,
        0,
        0,
        0,
        null,
        null,
        null,
        null,
        null,
        0,
        null,
        null,
        0,
        0,
        null,
        null,
        null,
        null,
        null,
        null,
        null,
        1,
        0,
        null,
        0,
        null,
        0,
        0,
        null,
        null,
        0,
        null,
        null,
        0,
        0,
        null,
        0,
        null,
        0,
        0,
        null,
        0,
        null,
        null,
        null,
        null,
        null,
        null,
        null,
        null,
        null
      ],
      "/Users/mei/Documents/PMasterProject/app/mailers/user_mailer.rb": [
        0,
        null,
        null,
        null,
        null,
        null,
        null,
        0,
        0,
        0,
        0,
        0,
        0,
        null,
        0,
        0,
        0,
        0,
        0,
        0,
        null,
        0,
        0,
        0,
        0,
        0,
        0,
        0
      ],
      "/Users/mei/Documents/PMasterProject/app/mailers/application_mailer.rb": [
        0,
        0,
        0,
        0
      ],
      "/Users/mei/Documents/PMasterProject/app/models/invitation.rb": [
        0,
        0,
        0,
        0,
        0
      ],
      "/Users/mei/Documents/PMasterProject/app/models/reply.rb": [
        0,
        0,
        0,
        0,
        0
      ],
      "/Users/mei/Documents/PMasterProject/app/models/post_like.rb": [
        0,
        0,
        0,
        0,
        null,
        0,
        0
      ],
      "/Users/mei/Documents/PMasterProject/app/models/reply_like.rb": [
        0,
        0,
        0
      ],
      "/Users/mei/Documents/PMasterProject/app/models/member.rb": [
        0,
        0,
        0,
        0
      ],
      "/Users/mei/Documents/PMasterProject/app/jobs/send_message_job.rb": [
        0,
        0,
        null,
        0,
        0,
        0,
        0,
        0,
        0,
        0,
        0,
        0,
        0,
        0,
        0,
        0
      ],
      "/Users/mei/Documents/PMasterProject/app/jobs/invite_member_mail_job.rb": [
        0,
        0,
        null,
        0,
        0,
        0,
        0
      ],
      "/Users/mei/Documents/PMasterProject/app/jobs/application_job.rb": [
        0,
        null,
        null,
        null,
        null,
        null,
        0
      ],
      "/Users/mei/Documents/PMasterProject/app/jobs/invite_new_mail_job.rb": [
        0,
        0,
        null,
        0,
        0,
        0,
        0
      ],
      "/Users/mei/Documents/PMasterProject/app/controllers/messages_controller.rb": [
        0,
        0,
        null,
        null,
        null,
        0,
        0,
        0,
        0,
        null,
        null,
        null,
        0,
        0,
        null,
        null,
        0,
        0,
        0,
        null,
        null,
        0,
        0,
        null,
        null,
        null,
        0,
        0,
        0,
        0,
        null,
        0,
        null,
        null,
        0,
        0,
        null,
        null,
        null,
        0,
        null,
        null,
        null,
        null,
        null,
        null,
        null,
        null,
        null,
        0,
        null,
        null,
        null,
        0,
        null,
        null,
        null,
        null,
        null,
        0,
        null,
        0,
        null,
        0,
        0,
        0,
        null,
        null,
        0,
        0,
        0,
        0
      ],
      "/Users/mei/Documents/PMasterProject/app/controllers/githubs_controller.rb": [
        0,
        null,
        0,
        0,
        null,
        null,
        0,
        null,
        null,
        0,
        0,
        0,
        0,
        null,
        0,
        0,
        0
      ],
      "/Users/mei/Documents/PMasterProject/app/controllers/rooms_controller.rb": [
        0,
        0,
        null,
        null,
        null,
        0,
        0,
        0,
        0,
        null,
        null,
        null,
        0,
        0,
        0,
        0,
        0,
        0,
        0,
        null,
        null,
        0,
        0,
        0,
        null,
        null,
        0,
        0,
        null,
        null,
        null,
        0,
        0,
        null,
        0,
        0,
        0,
        0,
        0,
        0,
        0,
        0,
        0,
        0,
        null,
        null,
        null,
        0,
        0,
        0,
        0,
        0,
        0,
        0,
        0,
        0,
        0,
        0,
        null,
        null,
        null,
        0,
        0,
        0,
        0,
        0,
        0,
        0,
        null,
        0,
        0,
        0,
        null,
        null,
        null,
        0,
        null,
        0,
        null,
        0,
        0,
        0,
        null,
        null,
        0,
        0,
        0,
        0,
        0,
        0,
        0
      ],
      "/Users/mei/Documents/PMasterProject/app/controllers/pages_controller.rb": [
        0,
        0,
        0,
        0,
        0,
        0,
        0,
        0,
        0,
        0,
        0,
        null,
        0,
        0,
        0
      ],
      "/Users/mei/Documents/PMasterProject/app/controllers/replies_controller.rb": [
        0,
        0,
        0,
        null,
        0,
        0,
        0,
        0,
        null,
        0,
        0,
        null,
        0,
        0,
        0,
        null,
        0,
        0,
        0,
        0,
        null,
        0,
        0,
        null,
        0
      ],
      "/Users/mei/Documents/PMasterProject/app/controllers/users/omniauth_callbacks_controller.rb": [
        null,
        null,
        0,
        null,
        null,
        null,
        null,
        null,
        null,
        null,
        null,
        null,
        null,
        null,
        null,
        null,
        null,
        null,
        null,
        null,
        null,
        null,
        null,
        null,
        null,
        null,
        null,
        null,
        null,
        0
      ],
      "/Users/mei/Documents/PMasterProject/app/controllers/users/passwords_controller.rb": [
        null,
        null,
        0,
        null,
        null,
        null,
        null,
        null,
        null,
        null,
        null,
        null,
        null,
        null,
        null,
        null,
        null,
        null,
        null,
        null,
        null,
        null,
        null,
        null,
        null,
        null,
        null,
        null,
        null,
        null,
        null,
        null,
        null,
        0
      ],
      "/Users/mei/Documents/PMasterProject/app/controllers/users/sessions_controller.rb": [
        null,
        null,
        0,
        0,
        null,
        null,
        0,
        0,
        0,
        null,
        null,
        0,
        null,
        0,
        0,
        null,
        null,
        null,
        null,
        null,
        null,
        null,
        null,
        null,
        0,
        0,
        0,
        null,
        0,
        null,
        0,
        0
      ],
      "/Users/mei/Documents/PMasterProject/app/controllers/users/unlocks_controller.rb": [
        null,
        null,
        0,
        null,
        null,
        null,
        null,
        null,
        null,
        null,
        null,
        null,
        null,
        null,
        null,
        null,
        null,
        null,
        null,
        null,
        null,
        null,
        null,
        null,
        null,
        null,
        null,
        null,
        null,
        0
      ],
      "/Users/mei/Documents/PMasterProject/app/controllers/users/confirmations_controller.rb": [
        null,
        null,
        0,
        null,
        0,
        0,
        0,
        null,
        null,
        0,
        0,
        0,
        null,
        null,
        0,
        0,
        0,
        null,
        null,
        null,
        null,
        0,
        0,
        0,
        null,
        null,
        0,
        0,
        0,
        0
      ],
      "/Users/mei/Documents/PMasterProject/app/controllers/users/registrations_controller.rb": [
        null,
        null,
        0,
        0,
        null,
        null,
        null,
        0,
        0,
        0,
        null,
        null,
        0,
        0,
        0,
        null,
        null,
        null,
        null,
        null,
        null,
        null,
        null,
        null,
        null,
        null,
        null,
        null,
        null,
        null,
        null,
        null,
        null,
        null,
        null,
        null,
        null,
        null,
        null,
        null,
        null,
        null,
        null,
        0,
        0,
        0,
        null,
        null,
        null,
        null,
        null,
        null,
        null,
        null,
        null,
        null,
        null,
        null,
        null,
        null,
        null,
        0
      ],
      "/Users/mei/Documents/PMasterProject/app/controllers/posts_controller.rb": [
        0,
        0,
        0,
        0,
        0,
        null,
        0,
        0,
        0,
        0,
        null,
        0,
        0,
        0,
        null,
        0,
        0,
        0,
        null,
        0,
        0,
        0,
        0,
        null,
        0,
        null,
        0,
        null,
        0,
        0,
        0,
        null,
        0,
        0,
        0,
        null,
        0,
        0,
        0,
        0,
        null,
        0,
        0,
        0,
        null,
        0,
        0,
        0,
        null,
        0
      ]
    },
    "timestamp": 1602625179
  }
}
